Lab1-UI/build/intermediates/manifest_merge_blame_file/release/manifest-merger-blame-release-report.txt
1<?xml version="1.0" encoding="utf-8"?>
2<manifest xmlns:android="http://schemas.android.com/apk/res/android"
3    package="co.edu.udea.compumovil.gr07_20211.lab1"
4    android:versionCode="1"
5    android:versionName="1.0" >
6
7    <uses-sdk
8        android:minSdkVersion="21"
8-->src\main\AndroidManifest.xml
9        android:targetSdkVersion="30" />
9-->src\main\AndroidManifest.xml
10
11    <application
11-->src\main\AndroidManifest.xml:5:5-25:19
12        android:allowBackup="true"
12-->src\main\AndroidManifest.xml:6:9-35
13        android:appComponentFactory="androidx.core.app.CoreComponentFactory"
13-->[androidx.core:core:1.3.1] AndroidManifest.xml:24:18-86
14        android:icon="@mipmap/ic_launcher"
14-->src\main\AndroidManifest.xml:7:9-43
15        android:label="@string/app_name"
15-->src\main\AndroidManifest.xml:8:9-41
16        android:roundIcon="@mipmap/ic_launcher_round"
16-->src\main\AndroidManifest.xml:9:9-54
17        android:supportsRtl="true"
17-->src\main\AndroidManifest.xml:10:9-35
18        android:theme="@style/Theme.Labs20211Gr07" >
18-->src\main\AndroidManifest.xml:11:9-51
19        <activity android:name="co.edu.udea.compumovil.gr07_20211.lab1.EndActivity" />
19-->src\main\AndroidManifest.xml:12:9-58
19-->src\main\AndroidManifest.xml:12:19-46
20        <activity android:name="co.edu.udea.compumovil.gr07_20211.lab1.ContactDataActivity" />
20-->src\main\AndroidManifest.xml:13:9-57
20-->src\main\AndroidManifest.xml:13:19-54
21        <activity android:name="co.edu.udea.compumovil.gr07_20211.lab1.PersonalDataActivity" />
21-->src\main\AndroidManifest.xml:14:9-58
21-->src\main\AndroidManifest.xml:14:19-55
22        <activity
22-->src\main\AndroidManifest.xml:15:9-24:20
23            android:name="co.edu.udea.compumovil.gr07_20211.lab1.MainActivity"
23-->src\main\AndroidManifest.xml:16:13-41
24            android:configChanges="orientation|screenSize|screenLayout|keyboardHidden"
24-->src\main\AndroidManifest.xml:17:13-87
25            android:theme="@style/SplashTheme" > <!-- Aquí llamamos nuestro tema -->
25-->src\main\AndroidManifest.xml:18:13-47
26            <intent-filter>
26-->src\main\AndroidManifest.xml:19:13-23:29
27                <action android:name="android.intent.action.MAIN" />
27-->src\main\AndroidManifest.xml:20:17-69
27-->src\main\AndroidManifest.xml:20:25-66
28
29                <category android:name="android.intent.category.LAUNCHER" />
29-->src\main\AndroidManifest.xml:22:17-77
29-->src\main\AndroidManifest.xml:22:27-74
30            </intent-filter>
31        </activity>
32    </application>
33
34</manifest>